This file contains any messages produced by compilers while
running configure, to aid debugging if configure makes a mistake.

It was created by breakpad configure 0.1, which was
generated by GNU Autoconf 2.69.  Invocation command line was

  $ ./configure 

## --------- ##
## Platform. ##
## --------- ##

hostname = 37.times.labs.intellij.net
uname -m = x86_64
uname -r = 16.4.0
uname -s = Darwin
uname -v = Darwin Kernel Version 16.4.0: Thu Dec 22 22:53:21 PST 2016; root:xnu-3789.41.3~3/RELEASE_X86_64

/usr/bin/uname -p = i386
/bin/uname -X     = unknown

/bin/arch              = unknown
/usr/bin/arch -k       = unknown
/usr/convex/getsysinfo = unknown
/usr/bin/hostinfo      = Mach kernel version:
	 Darwin Kernel Version 16.4.0: Thu Dec 22 22:53:21 PST 2016; root:xnu-3789.41.3~3/RELEASE_X86_64
Kernel configured for up to 4 processors.
2 processors are physically available.
4 processors are logically available.
Processor type: x86_64h (Intel x86-64h Haswell)
Processors active: 0 1 2 3
Primary memory available: 16.00 gigabytes
Default processor set: 407 tasks, 2389 threads, 4 processors
Load average: 1.56, Mach factor: 2.43
/bin/machine           = unknown
/usr/bin/oslevel       = unknown
/bin/universe          = unknown

PATH: /Users/solar/Qt/5.6/clang_64/bin/
PATH: /opt/local/bin
PATH: /opt/local/sbin
PATH: /usr/local/mysql/bin
PATH: /Users/solar/bin
PATH: /Users/solar/tools/android-sdk-macosx//tools/
PATH: /Users/solar/tools/android-sdk-macosx//platform-tools
PATH: /usr/local/bin
PATH: /usr/bin
PATH: /bin
PATH: /usr/sbin
PATH: /sbin
PATH: /Library/TeX/texbin


## ----------- ##
## Core tests. ##
## ----------- ##

configure:2265: checking build system type
configure:2279: result: x86_64-apple-darwin16.4.0
configure:2299: checking host system type
configure:2312: result: x86_64-apple-darwin16.4.0
configure:2349: checking for a BSD-compatible install
configure:2417: result: /usr/bin/install -c
configure:2428: checking whether build environment is sane
configure:2483: result: yes
configure:2634: checking for a thread-safe mkdir -p
configure:2673: result: autotools/install-sh -c -d
configure:2680: checking for gawk
configure:2710: result: no
configure:2680: checking for mawk
configure:2710: result: no
configure:2680: checking for nawk
configure:2710: result: no
configure:2680: checking for awk
configure:2696: found /usr/bin/awk
configure:2707: result: awk
configure:2718: checking whether make sets $(MAKE)
configure:2740: result: yes
configure:2769: checking whether make supports nested variables
configure:2786: result: yes
configure:2875: checking whether UID '501' is supported by ustar format
configure:2878: result: yes
configure:2885: checking whether GID '20' is supported by ustar format
configure:2888: result: yes
configure:2896: checking how to create a ustar tar archive
configure:2907: tar --version
bsdtar 2.8.3 - libarchive 2.8.3
configure:2910: $? = 0
configure:2950: tardir=conftest.dir && eval tar --format=ustar -chf - "$tardir" >conftest.tar
configure:2953: $? = 0
configure:2957: tar -xf - <conftest.tar
configure:2960: $? = 0
configure:2962: cat conftest.dir/file
GrepMe
configure:2965: $? = 0
configure:2978: result: gnutar
configure:3031: checking whether to enable maintainer-specific portions of Makefiles
configure:3040: result: no
configure:3066: checking for style of include used by make
configure:3094: result: GNU
configure:3165: checking for gcc
configure:3181: found /usr/bin/gcc
configure:3192: result: gcc
configure:3421: checking for C compiler version
configure:3430: gcc --version >&5
Apple LLVM version 8.0.0 (clang-800.0.42.1)
Target: x86_64-apple-darwin16.4.0
Thread model: posix
InstalledDir: /Applications/Xcode.app/Contents/Developer/Toolchains/XcodeDefault.xctoolchain/usr/bin
Configured with: --prefix=/Applications/Xcode.app/Contents/Developer/usr --with-gxx-include-dir=/Applications/Xcode.app/Contents/Developer/Platforms/MacOSX.platform/Developer/SDKs/MacOSX10.12.sdk/usr/include/c++/4.2.1
configure:3441: $? = 0
configure:3430: gcc -v >&5
Configured with: --prefix=/Applications/Xcode.app/Contents/Developer/usr --with-gxx-include-dir=/Applications/Xcode.app/Contents/Developer/Platforms/MacOSX.platform/Developer/SDKs/MacOSX10.12.sdk/usr/include/c++/4.2.1
Apple LLVM version 8.0.0 (clang-800.0.42.1)
Target: x86_64-apple-darwin16.4.0
Thread model: posix
InstalledDir: /Applications/Xcode.app/Contents/Developer/Toolchains/XcodeDefault.xctoolchain/usr/bin
configure:3441: $? = 0
configure:3430: gcc -V >&5
clang: error: argument to '-V' is missing (expected 1 value)
clang: error: no input files
configure:3441: $? = 1
configure:3430: gcc -qversion >&5
clang: error: unknown argument: '-qversion'
clang: error: no input files
configure:3441: $? = 1
configure:3461: checking whether the C compiler works
configure:3483: gcc    conftest.c  >&5
configure:3487: $? = 0
configure:3535: result: yes
configure:3538: checking for C compiler default output file name
configure:3540: result: a.out
configure:3546: checking for suffix of executables
configure:3553: gcc -o conftest    conftest.c  >&5
configure:3557: $? = 0
configure:3579: result: 
configure:3601: checking whether we are cross compiling
configure:3609: gcc -o conftest    conftest.c  >&5
configure:3613: $? = 0
configure:3620: ./conftest
configure:3624: $? = 0
configure:3639: result: no
configure:3644: checking for suffix of object files
configure:3666: gcc -c   conftest.c >&5
configure:3670: $? = 0
configure:3691: result: o
configure:3695: checking whether we are using the GNU C compiler
configure:3714: gcc -c   conftest.c >&5
configure:3714: $? = 0
configure:3723: result: yes
configure:3732: checking whether gcc accepts -g
configure:3752: gcc -c -g  conftest.c >&5
configure:3752: $? = 0
configure:3793: result: yes
configure:3810: checking for gcc option to accept ISO C89
configure:3873: gcc  -c -g -O2  conftest.c >&5
configure:3873: $? = 0
configure:3886: result: none needed
configure:3911: checking whether gcc understands -c and -o together
configure:3933: gcc -c conftest.c -o conftest2.o
configure:3936: $? = 0
configure:3933: gcc -c conftest.c -o conftest2.o
configure:3936: $? = 0
configure:3948: result: yes
configure:3967: checking dependency style of gcc
configure:4078: result: gcc3
configure:4143: checking for ar
configure:4159: found /usr/bin/ar
configure:4170: result: ar
configure:4196: checking the archiver (ar) interface
configure:4212: gcc -c -g -O2  conftest.c >&5
configure:4212: $? = 0
configure:4214: ar cru libconftest.a conftest.o >&5
configure:4217: $? = 0
configure:4245: result: ar
configure:4274: checking dependency style of gcc
configure:4383: result: gcc3
configure:4446: checking for gcc
configure:4473: result: gcc
configure:4702: checking for C compiler version
configure:4711: gcc --version >&5
Apple LLVM version 8.0.0 (clang-800.0.42.1)
Target: x86_64-apple-darwin16.4.0
Thread model: posix
InstalledDir: /Applications/Xcode.app/Contents/Developer/Toolchains/XcodeDefault.xctoolchain/usr/bin
Configured with: --prefix=/Applications/Xcode.app/Contents/Developer/usr --with-gxx-include-dir=/Applications/Xcode.app/Contents/Developer/Platforms/MacOSX.platform/Developer/SDKs/MacOSX10.12.sdk/usr/include/c++/4.2.1
configure:4722: $? = 0
configure:4711: gcc -v >&5
Configured with: --prefix=/Applications/Xcode.app/Contents/Developer/usr --with-gxx-include-dir=/Applications/Xcode.app/Contents/Developer/Platforms/MacOSX.platform/Developer/SDKs/MacOSX10.12.sdk/usr/include/c++/4.2.1
Apple LLVM version 8.0.0 (clang-800.0.42.1)
Target: x86_64-apple-darwin16.4.0
Thread model: posix
InstalledDir: /Applications/Xcode.app/Contents/Developer/Toolchains/XcodeDefault.xctoolchain/usr/bin
configure:4722: $? = 0
configure:4711: gcc -V >&5
clang: error: argument to '-V' is missing (expected 1 value)
clang: error: no input files
configure:4722: $? = 1
configure:4711: gcc -qversion >&5
clang: error: unknown argument: '-qversion'
clang: error: no input files
configure:4722: $? = 1
configure:4726: checking whether we are using the GNU C compiler
configure:4754: result: yes
configure:4763: checking whether gcc accepts -g
configure:4824: result: yes
configure:4841: checking for gcc option to accept ISO C89
configure:4917: result: none needed
configure:4942: checking whether gcc understands -c and -o together
configure:4979: result: yes
configure:4998: checking dependency style of gcc
configure:5109: result: gcc3
configure:5130: checking how to run the C preprocessor
configure:5161: gcc -E  conftest.c
configure:5161: $? = 0
configure:5175: gcc -E  conftest.c
conftest.c:11:10: fatal error: 'ac_nonexistent.h' file not found
#include <ac_nonexistent.h>
         ^
1 error generated.
configure:5175: $? = 1
configure: failed program was:
| /* confdefs.h */
| #define PACKAGE_NAME "breakpad"
| #define PACKAGE_TARNAME "breakpad"
| #define PACKAGE_VERSION "0.1"
| #define PACKAGE_STRING "breakpad 0.1"
| #define PACKAGE_BUGREPORT "google-breakpad-dev@googlegroups.com"
| #define PACKAGE_URL ""
| #define PACKAGE "breakpad"
| #define VERSION "0.1"
| /* end confdefs.h.  */
| #include <ac_nonexistent.h>
configure:5200: result: gcc -E
configure:5220: gcc -E  conftest.c
configure:5220: $? = 0
configure:5234: gcc -E  conftest.c
conftest.c:11:10: fatal error: 'ac_nonexistent.h' file not found
#include <ac_nonexistent.h>
         ^
1 error generated.
configure:5234: $? = 1
configure: failed program was:
| /* confdefs.h */
| #define PACKAGE_NAME "breakpad"
| #define PACKAGE_TARNAME "breakpad"
| #define PACKAGE_VERSION "0.1"
| #define PACKAGE_STRING "breakpad 0.1"
| #define PACKAGE_BUGREPORT "google-breakpad-dev@googlegroups.com"
| #define PACKAGE_URL ""
| #define PACKAGE "breakpad"
| #define VERSION "0.1"
| /* end confdefs.h.  */
| #include <ac_nonexistent.h>
configure:5320: checking for g++
configure:5336: found /usr/bin/g++
configure:5347: result: g++
configure:5374: checking for C++ compiler version
configure:5383: g++ --version >&5
Apple LLVM version 8.0.0 (clang-800.0.42.1)
Target: x86_64-apple-darwin16.4.0
Thread model: posix
InstalledDir: /Applications/Xcode.app/Contents/Developer/Toolchains/XcodeDefault.xctoolchain/usr/bin
Configured with: --prefix=/Applications/Xcode.app/Contents/Developer/usr --with-gxx-include-dir=/Applications/Xcode.app/Contents/Developer/Platforms/MacOSX.platform/Developer/SDKs/MacOSX10.12.sdk/usr/include/c++/4.2.1
configure:5394: $? = 0
configure:5383: g++ -v >&5
Configured with: --prefix=/Applications/Xcode.app/Contents/Developer/usr --with-gxx-include-dir=/Applications/Xcode.app/Contents/Developer/Platforms/MacOSX.platform/Developer/SDKs/MacOSX10.12.sdk/usr/include/c++/4.2.1
Apple LLVM version 8.0.0 (clang-800.0.42.1)
Target: x86_64-apple-darwin16.4.0
Thread model: posix
InstalledDir: /Applications/Xcode.app/Contents/Developer/Toolchains/XcodeDefault.xctoolchain/usr/bin
configure:5394: $? = 0
configure:5383: g++ -V >&5
clang: error: argument to '-V' is missing (expected 1 value)
clang: error: no input files
configure:5394: $? = 1
configure:5383: g++ -qversion >&5
clang: error: unknown argument: '-qversion'
clang: error: no input files
configure:5394: $? = 1
configure:5398: checking whether we are using the GNU C++ compiler
configure:5417: g++ -c   conftest.cpp >&5
configure:5417: $? = 0
configure:5426: result: yes
configure:5435: checking whether g++ accepts -g
configure:5455: g++ -c -g  conftest.cpp >&5
configure:5455: $? = 0
configure:5496: result: yes
configure:5521: checking dependency style of g++
configure:5632: result: gcc3
configure:5690: checking for ranlib
configure:5706: found /usr/bin/ranlib
configure:5717: result: ranlib
configure:5761: checking for grep that handles long lines and -e
configure:5819: result: /usr/bin/grep
configure:5824: checking for egrep
configure:5886: result: /usr/bin/grep -E
configure:5891: checking for ANSI C header files
configure:5911: gcc -c -g -O2  conftest.c >&5
configure:5911: $? = 0
configure:5984: gcc -o conftest -g -O2   conftest.c  >&5
configure:5984: $? = 0
configure:5984: ./conftest
configure:5984: $? = 0
configure:5995: result: yes
configure:6010: checking for special C compiler options needed for large files
configure:6055: result: no
configure:6061: checking for _FILE_OFFSET_BITS value needed for large files
configure:6086: gcc -c -g -O2  conftest.c >&5
configure:6086: $? = 0
configure:6118: result: no
configure:6372: checking for the pthreads library -lpthreads
configure:6410: gcc -o conftest -g -O2    conftest.c -lpthreads  >&5
ld: library not found for -lpthreads
clang: error: linker command failed with exit code 1 (use -v to see invocation)
configure:6410: $? = 1
configure: failed program was:
| /* confdefs.h */
| #define PACKAGE_NAME "breakpad"
| #define PACKAGE_TARNAME "breakpad"
| #define PACKAGE_VERSION "0.1"
| #define PACKAGE_STRING "breakpad 0.1"
| #define PACKAGE_BUGREPORT "google-breakpad-dev@googlegroups.com"
| #define PACKAGE_URL ""
| #define PACKAGE "breakpad"
| #define VERSION "0.1"
| #define STDC_HEADERS 1
| /* end confdefs.h.  */
| #include <pthread.h>
| 	             static void routine(void* a) {a=0;}
| 	             static void* start_routine(void* a) {return a;}
| int
| main ()
| {
| pthread_t th; pthread_attr_t attr;
|                      pthread_join(th, 0);
|                      pthread_attr_init(&attr);
|                      pthread_cleanup_push(routine, 0);
|                      pthread_create(&th,0,start_routine,0);
|                      pthread_cleanup_pop(0);
|   ;
|   return 0;
| }
configure:6419: result: no
configure:6317: checking whether pthreads work without any flags
configure:6410: gcc -o conftest -g -O2    conftest.c   >&5
configure:6410: $? = 0
configure:6419: result: yes
configure:6438: checking for joinable pthread attribute
configure:6453: gcc -o conftest -g -O2    conftest.c   >&5
configure:6453: $? = 0
configure:6459: result: PTHREAD_CREATE_JOINABLE
configure:6469: checking if more special flags are required for pthreads
configure:6476: result: -D_THREAD_SAFE
configure:6563: checking for sys/types.h
configure:6563: gcc -c -g -O2  conftest.c >&5
configure:6563: $? = 0
configure:6563: result: yes
configure:6563: checking for sys/stat.h
configure:6563: gcc -c -g -O2  conftest.c >&5
configure:6563: $? = 0
configure:6563: result: yes
configure:6563: checking for stdlib.h
configure:6563: gcc -c -g -O2  conftest.c >&5
configure:6563: $? = 0
configure:6563: result: yes
configure:6563: checking for string.h
configure:6563: gcc -c -g -O2  conftest.c >&5
configure:6563: $? = 0
configure:6563: result: yes
configure:6563: checking for memory.h
configure:6563: gcc -c -g -O2  conftest.c >&5
configure:6563: $? = 0
configure:6563: result: yes
configure:6563: checking for strings.h
configure:6563: gcc -c -g -O2  conftest.c >&5
configure:6563: $? = 0
configure:6563: result: yes
configure:6563: checking for inttypes.h
configure:6563: gcc -c -g -O2  conftest.c >&5
configure:6563: $? = 0
configure:6563: result: yes
configure:6563: checking for stdint.h
configure:6563: gcc -c -g -O2  conftest.c >&5
configure:6563: $? = 0
configure:6563: result: yes
configure:6563: checking for unistd.h
configure:6563: gcc -c -g -O2  conftest.c >&5
configure:6563: $? = 0
configure:6563: result: yes
configure:6577: checking a.out.h usability
configure:6577: gcc -c -g -O2  conftest.c >&5
conftest.c:55:10: fatal error: 'a.out.h' file not found
#include <a.out.h>
         ^
1 error generated.
configure:6577: $? = 1
configure: failed program was:
| /* confdefs.h */
| #define PACKAGE_NAME "breakpad"
| #define PACKAGE_TARNAME "breakpad"
| #define PACKAGE_VERSION "0.1"
| #define PACKAGE_STRING "breakpad 0.1"
| #define PACKAGE_BUGREPORT "google-breakpad-dev@googlegroups.com"
| #define PACKAGE_URL ""
| #define PACKAGE "breakpad"
| #define VERSION "0.1"
| #define STDC_HEADERS 1
| #define HAVE_PTHREAD 1
| #define HAVE_SYS_TYPES_H 1
| #define HAVE_SYS_STAT_H 1
| #define HAVE_STDLIB_H 1
| #define HAVE_STRING_H 1
| #define HAVE_MEMORY_H 1
| #define HAVE_STRINGS_H 1
| #define HAVE_INTTYPES_H 1
| #define HAVE_STDINT_H 1
| #define HAVE_UNISTD_H 1
| /* end confdefs.h.  */
| #include <stdio.h>
| #ifdef HAVE_SYS_TYPES_H
| # include <sys/types.h>
| #endif
| #ifdef HAVE_SYS_STAT_H
| # include <sys/stat.h>
| #endif
| #ifdef STDC_HEADERS
| # include <stdlib.h>
| # include <stddef.h>
| #else
| # ifdef HAVE_STDLIB_H
| #  include <stdlib.h>
| # endif
| #endif
| #ifdef HAVE_STRING_H
| # if !defined STDC_HEADERS && defined HAVE_MEMORY_H
| #  include <memory.h>
| # endif
| # include <string.h>
| #endif
| #ifdef HAVE_STRINGS_H
| # include <strings.h>
| #endif
| #ifdef HAVE_INTTYPES_H
| # include <inttypes.h>
| #endif
| #ifdef HAVE_STDINT_H
| # include <stdint.h>
| #endif
| #ifdef HAVE_UNISTD_H
| # include <unistd.h>
| #endif
| #include <a.out.h>
configure:6577: result: no
configure:6577: checking a.out.h presence
configure:6577: gcc -E  conftest.c
conftest.c:22:10: fatal error: 'a.out.h' file not found
#include <a.out.h>
         ^
1 error generated.
configure:6577: $? = 1
configure: failed program was:
| /* confdefs.h */
| #define PACKAGE_NAME "breakpad"
| #define PACKAGE_TARNAME "breakpad"
| #define PACKAGE_VERSION "0.1"
| #define PACKAGE_STRING "breakpad 0.1"
| #define PACKAGE_BUGREPORT "google-breakpad-dev@googlegroups.com"
| #define PACKAGE_URL ""
| #define PACKAGE "breakpad"
| #define VERSION "0.1"
| #define STDC_HEADERS 1
| #define HAVE_PTHREAD 1
| #define HAVE_SYS_TYPES_H 1
| #define HAVE_SYS_STAT_H 1
| #define HAVE_STDLIB_H 1
| #define HAVE_STRING_H 1
| #define HAVE_MEMORY_H 1
| #define HAVE_STRINGS_H 1
| #define HAVE_INTTYPES_H 1
| #define HAVE_STDINT_H 1
| #define HAVE_UNISTD_H 1
| /* end confdefs.h.  */
| #include <a.out.h>
configure:6577: result: no
configure:6577: checking for a.out.h
configure:6577: result: no
configure:6596: checking whether g++ supports C++11 features by default
configure:6890: g++ -c -g -O2  conftest.cpp >&5
conftest.cpp:33:2: error: "This is not a C++11 compiler"
#error "This is not a C++11 compiler"
 ^
1 error generated.
configure:6890: $? = 1
configure: failed program was:
| /* confdefs.h */
| #define PACKAGE_NAME "breakpad"
| #define PACKAGE_TARNAME "breakpad"
| #define PACKAGE_VERSION "0.1"
| #define PACKAGE_STRING "breakpad 0.1"
| #define PACKAGE_BUGREPORT "google-breakpad-dev@googlegroups.com"
| #define PACKAGE_URL ""
| #define PACKAGE "breakpad"
| #define VERSION "0.1"
| #define STDC_HEADERS 1
| #define HAVE_PTHREAD 1
| #define HAVE_SYS_TYPES_H 1
| #define HAVE_SYS_STAT_H 1
| #define HAVE_STDLIB_H 1
| #define HAVE_STRING_H 1
| #define HAVE_MEMORY_H 1
| #define HAVE_STRINGS_H 1
| #define HAVE_INTTYPES_H 1
| #define HAVE_STDINT_H 1
| #define HAVE_UNISTD_H 1
| /* end confdefs.h.  */
| 
| 
| // If the compiler admits that it is not ready for C++11, why torture it?
| // Hopefully, this will speed up the test.
| 
| #ifndef __cplusplus
| 
| #error "This is not a C++ compiler"
| 
| #elif __cplusplus < 201103L
| 
| #error "This is not a C++11 compiler"
| 
| #else
| 
| namespace cxx11
| {
| 
|   namespace test_static_assert
|   {
| 
|     template <typename T>
|     struct check
|     {
|       static_assert(sizeof(int) <= sizeof(T), "not big enough");
|     };
| 
|   }
| 
|   namespace test_final_override
|   {
| 
|     struct Base
|     {
|       virtual void f() {}
|     };
| 
|     struct Derived : public Base
|     {
|       virtual void f() override {}
|     };
| 
|   }
| 
|   namespace test_double_right_angle_brackets
|   {
| 
|     template < typename T >
|     struct check {};
| 
|     typedef check<void> single_type;
|     typedef check<check<void>> double_type;
|     typedef check<check<check<void>>> triple_type;
|     typedef check<check<check<check<void>>>> quadruple_type;
| 
|   }
| 
|   namespace test_decltype
|   {
| 
|     int
|     f()
|     {
|       int a = 1;
|       decltype(a) b = 2;
|       return a + b;
|     }
| 
|   }
| 
|   namespace test_type_deduction
|   {
| 
|     template < typename T1, typename T2 >
|     struct is_same
|     {
|       static const bool value = false;
|     };
| 
|     template < typename T >
|     struct is_same<T, T>
|     {
|       static const bool value = true;
|     };
| 
|     template < typename T1, typename T2 >
|     auto
|     add(T1 a1, T2 a2) -> decltype(a1 + a2)
|     {
|       return a1 + a2;
|     }
| 
|     int
|     test(const int c, volatile int v)
|     {
|       static_assert(is_same<int, decltype(0)>::value == true, "");
|       static_assert(is_same<int, decltype(c)>::value == false, "");
|       static_assert(is_same<int, decltype(v)>::value == false, "");
|       auto ac = c;
|       auto av = v;
|       auto sumi = ac + av + 'x';
|       auto sumf = ac + av + 1.0;
|       static_assert(is_same<int, decltype(ac)>::value == true, "");
|       static_assert(is_same<int, decltype(av)>::value == true, "");
|       static_assert(is_same<int, decltype(sumi)>::value == true, "");
|       static_assert(is_same<int, decltype(sumf)>::value == false, "");
|       static_assert(is_same<int, decltype(add(c, v))>::value == true, "");
|       return (sumf > 0.0) ? sumi : add(c, v);
|     }
| 
|   }
| 
|   namespace test_noexcept
|   {
| 
|     int f() { return 0; }
|     int g() noexcept { return 0; }
| 
|     static_assert(noexcept(f()) == false, "");
|     static_assert(noexcept(g()) == true, "");
| 
|   }
| 
|   namespace test_constexpr
|   {
| 
|     template < typename CharT >
|     unsigned long constexpr
|     strlen_c_r(const CharT *const s, const unsigned long acc) noexcept
|     {
|       return *s ? strlen_c_r(s + 1, acc + 1) : acc;
|     }
| 
|     template < typename CharT >
|     unsigned long constexpr
|     strlen_c(const CharT *const s) noexcept
|     {
|       return strlen_c_r(s, 0UL);
|     }
| 
|     static_assert(strlen_c("") == 0UL, "");
|     static_assert(strlen_c("1") == 1UL, "");
|     static_assert(strlen_c("example") == 7UL, "");
|     static_assert(strlen_c("another\0example") == 7UL, "");
| 
|   }
| 
|   namespace test_rvalue_references
|   {
| 
|     template < int N >
|     struct answer
|     {
|       static constexpr int value = N;
|     };
| 
|     answer<1> f(int&)       { return answer<1>(); }
|     answer<2> f(const int&) { return answer<2>(); }
|     answer<3> f(int&&)      { return answer<3>(); }
| 
|     void
|     test()
|     {
|       int i = 0;
|       const int c = 0;
|       static_assert(decltype(f(i))::value == 1, "");
|       static_assert(decltype(f(c))::value == 2, "");
|       static_assert(decltype(f(0))::value == 3, "");
|     }
| 
|   }
| 
|   namespace test_uniform_initialization
|   {
| 
|     struct test
|     {
|       static const int zero {};
|       static const int one {1};
|     };
| 
|     static_assert(test::zero == 0, "");
|     static_assert(test::one == 1, "");
| 
|   }
| 
|   namespace test_lambdas
|   {
| 
|     void
|     test1()
|     {
|       auto lambda1 = [](){};
|       auto lambda2 = lambda1;
|       lambda1();
|       lambda2();
|     }
| 
|     int
|     test2()
|     {
|       auto a = [](int i, int j){ return i + j; }(1, 2);
|       auto b = []() -> int { return '0'; }();
|       auto c = [=](){ return a + b; }();
|       auto d = [&](){ return c; }();
|       auto e = [a, &b](int x) mutable {
|         const auto identity = [](int y){ return y; };
|         for (auto i = 0; i < a; ++i)
|           a += b--;
|         return x + identity(a + b);
|       }(0);
|       return a + b + c + d + e;
|     }
| 
|     int
|     test3()
|     {
|       const auto nullary = [](){ return 0; };
|       const auto unary = [](int x){ return x; };
|       using nullary_t = decltype(nullary);
|       using unary_t = decltype(unary);
|       const auto higher1st = [](nullary_t f){ return f(); };
|       const auto higher2nd = [unary](nullary_t f1){
|         return [unary, f1](unary_t f2){ return f2(unary(f1())); };
|       };
|       return higher1st(nullary) + higher2nd(nullary)(unary);
|     }
| 
|   }
| 
|   namespace test_variadic_templates
|   {
| 
|     template <int...>
|     struct sum;
| 
|     template <int N0, int... N1toN>
|     struct sum<N0, N1toN...>
|     {
|       static constexpr auto value = N0 + sum<N1toN...>::value;
|     };
| 
|     template <>
|     struct sum<>
|     {
|       static constexpr auto value = 0;
|     };
| 
|     static_assert(sum<>::value == 0, "");
|     static_assert(sum<1>::value == 1, "");
|     static_assert(sum<23>::value == 23, "");
|     static_assert(sum<1, 2>::value == 3, "");
|     static_assert(sum<5, 5, 11>::value == 21, "");
|     static_assert(sum<2, 3, 5, 7, 11, 13>::value == 41, "");
| 
|   }
| 
|   // http://stackoverflow.com/questions/13728184/template-aliases-and-sfinae
|   // Clang 3.1 fails with headers of libstd++ 4.8.3 when using std::function
|   // because of this.
|   namespace test_template_alias_sfinae
|   {
| 
|     struct foo {};
| 
|     template<typename T>
|     using member = typename T::member_type;
| 
|     template<typename T>
|     void func(...) {}
| 
|     template<typename T>
|     void func(member<T>*) {}
| 
|     void test();
| 
|     void test() { func<foo>(0); }
| 
|   }
| 
| }  // namespace cxx11
| 
| #endif  // __cplusplus >= 201103L
| 
| 
| 
configure:6897: result: no
configure:6908: checking whether g++ supports C++11 features with -std=c++11
configure:7204: g++ -c -g -O2 -std=c++11  conftest.cpp >&5
configure:7204: $? = 0
configure:7213: result: yes
configure:7255: checking whether C++ compiler accepts -Werror=unknown-warning-option
configure:7274: g++ -c -g -O2 -std=c++11  -Werror=unknown-warning-option  conftest.cpp >&5
configure:7274: $? = 0
configure:7282: result: yes
configure:7300: checking whether C++ compiler accepts -Wmissing-braces
configure:7319: g++ -c -g -O2 -std=c++11 -Werror=unknown-warning-option -Wmissing-braces  conftest.cpp >&5
configure:7319: $? = 0
configure:7328: result: yes
configure:7344: : WARN_CXXFLAGS="$WARN_CXXFLAGS"
configure:7347: $? = 0
configure:7300: checking whether C++ compiler accepts -Wnon-virtual-dtor
configure:7319: g++ -c -g -O2 -std=c++11 -Werror=unknown-warning-option -Wnon-virtual-dtor  conftest.cpp >&5
configure:7319: $? = 0
configure:7328: result: yes
configure:7344: : WARN_CXXFLAGS="$WARN_CXXFLAGS"
configure:7347: $? = 0
configure:7300: checking whether C++ compiler accepts -Woverloaded-virtual
configure:7319: g++ -c -g -O2 -std=c++11 -Werror=unknown-warning-option -Woverloaded-virtual  conftest.cpp >&5
configure:7319: $? = 0
configure:7328: result: yes
configure:7344: : WARN_CXXFLAGS="$WARN_CXXFLAGS"
configure:7347: $? = 0
configure:7300: checking whether C++ compiler accepts -Wreorder
configure:7319: g++ -c -g -O2 -std=c++11 -Werror=unknown-warning-option -Wreorder  conftest.cpp >&5
configure:7319: $? = 0
configure:7328: result: yes
configure:7344: : WARN_CXXFLAGS="$WARN_CXXFLAGS"
configure:7347: $? = 0
configure:7300: checking whether C++ compiler accepts -Wsign-compare
configure:7319: g++ -c -g -O2 -std=c++11 -Werror=unknown-warning-option -Wsign-compare  conftest.cpp >&5
configure:7319: $? = 0
configure:7328: result: yes
configure:7344: : WARN_CXXFLAGS="$WARN_CXXFLAGS"
configure:7347: $? = 0
configure:7300: checking whether C++ compiler accepts -Wunused-variable
configure:7319: g++ -c -g -O2 -std=c++11 -Werror=unknown-warning-option -Wunused-variable  conftest.cpp >&5
configure:7319: $? = 0
configure:7328: result: yes
configure:7344: : WARN_CXXFLAGS="$WARN_CXXFLAGS"
configure:7347: $? = 0
configure:7300: checking whether C++ compiler accepts -Wvla
configure:7319: g++ -c -g -O2 -std=c++11 -Werror=unknown-warning-option -Wvla  conftest.cpp >&5
configure:7319: $? = 0
configure:7328: result: yes
configure:7344: : WARN_CXXFLAGS="$WARN_CXXFLAGS"
configure:7347: $? = 0
configure:7864: checking that generated files are newer than configure
configure:7870: result: done
configure:7937: creating ./config.status

## ---------------------- ##
## Running config.status. ##
## ---------------------- ##

This file was extended by breakpad config.status 0.1, which was
generated by GNU Autoconf 2.69.  Invocation command line was

  CONFIG_FILES    = 
  CONFIG_HEADERS  = 
  CONFIG_LINKS    = 
  CONFIG_COMMANDS = 
  $ ./config.status 

on 37.times.labs.intellij.net

config.status:908: creating breakpad.pc
config.status:908: creating breakpad-client.pc
config.status:908: creating Makefile
config.status:894: error: cannot find input file: `src/config.h.in'

## ---------------- ##
## Cache variables. ##
## ---------------- ##

ac_cv_build=x86_64-apple-darwin16.4.0
ac_cv_c_compiler_gnu=yes
ac_cv_cxx_compiler_gnu=yes
ac_cv_env_CCASFLAGS_set=
ac_cv_env_CCASFLAGS_value=
ac_cv_env_CCAS_set=
ac_cv_env_CCAS_value=
ac_cv_env_CCC_set=
ac_cv_env_CCC_value=
ac_cv_env_CC_set=
ac_cv_env_CC_value=
ac_cv_env_CFLAGS_set=
ac_cv_env_CFLAGS_value=
ac_cv_env_CPPFLAGS_set=
ac_cv_env_CPPFLAGS_value=
ac_cv_env_CPP_set=
ac_cv_env_CPP_value=
ac_cv_env_CXXFLAGS_set=
ac_cv_env_CXXFLAGS_value=
ac_cv_env_CXX_set=
ac_cv_env_CXX_value=
ac_cv_env_GMOCK_CFLAGS_set=
ac_cv_env_GMOCK_CFLAGS_value=
ac_cv_env_GMOCK_CONFIG_set=
ac_cv_env_GMOCK_CONFIG_value=
ac_cv_env_GMOCK_LIBS_set=
ac_cv_env_GMOCK_LIBS_value=
ac_cv_env_GTEST_CFLAGS_set=
ac_cv_env_GTEST_CFLAGS_value=
ac_cv_env_GTEST_CONFIG_set=
ac_cv_env_GTEST_CONFIG_value=
ac_cv_env_GTEST_LIBS_set=
ac_cv_env_GTEST_LIBS_value=
ac_cv_env_LDFLAGS_set=
ac_cv_env_LDFLAGS_value=
ac_cv_env_LIBS_set=
ac_cv_env_LIBS_value=
ac_cv_env_RUST_DEMANGLE_CFLAGS_set=
ac_cv_env_RUST_DEMANGLE_CFLAGS_value=
ac_cv_env_RUST_DEMANGLE_LIBS_set=
ac_cv_env_RUST_DEMANGLE_LIBS_value=
ac_cv_env_build_alias_set=
ac_cv_env_build_alias_value=
ac_cv_env_host_alias_set=
ac_cv_env_host_alias_value=
ac_cv_env_target_alias_set=
ac_cv_env_target_alias_value=
ac_cv_header_a_out_h=no
ac_cv_header_inttypes_h=yes
ac_cv_header_memory_h=yes
ac_cv_header_stdc=yes
ac_cv_header_stdint_h=yes
ac_cv_header_stdlib_h=yes
ac_cv_header_string_h=yes
ac_cv_header_strings_h=yes
ac_cv_header_sys_stat_h=yes
ac_cv_header_sys_types_h=yes
ac_cv_header_unistd_h=yes
ac_cv_host=x86_64-apple-darwin16.4.0
ac_cv_objext=o
ac_cv_path_EGREP='/usr/bin/grep -E'
ac_cv_path_GREP=/usr/bin/grep
ac_cv_path_install='/usr/bin/install -c'
ac_cv_prog_AWK=awk
ac_cv_prog_CPP='gcc -E'
ac_cv_prog_ac_ct_AR=ar
ac_cv_prog_ac_ct_CC=gcc
ac_cv_prog_ac_ct_CXX=g++
ac_cv_prog_ac_ct_RANLIB=ranlib
ac_cv_prog_cc_c89=
ac_cv_prog_cc_g=yes
ac_cv_prog_cxx_g=yes
ac_cv_prog_make_make_set=yes
ac_cv_sys_file_offset_bits=no
ac_cv_sys_largefile_CC=no
am_cv_CCAS_dependencies_compiler_type=gcc3
am_cv_CC_dependencies_compiler_type=gcc3
am_cv_CXX_dependencies_compiler_type=gcc3
am_cv_ar_interface=ar
am_cv_make_support_nested_variables=yes
am_cv_prog_cc_c_o=yes
am_cv_prog_tar_ustar=gnutar
ax_cv_check_cxxflags__Werror_unknown_warning_option__Wmissing_braces=yes
ax_cv_check_cxxflags__Werror_unknown_warning_option__Wnon_virtual_dtor=yes
ax_cv_check_cxxflags__Werror_unknown_warning_option__Woverloaded_virtual=yes
ax_cv_check_cxxflags__Werror_unknown_warning_option__Wreorder=yes
ax_cv_check_cxxflags__Werror_unknown_warning_option__Wsign_compare=yes
ax_cv_check_cxxflags__Werror_unknown_warning_option__Wunused_variable=yes
ax_cv_check_cxxflags__Werror_unknown_warning_option__Wvla=yes
ax_cv_check_cxxflags___Werror_unknown_warning_option=yes
ax_cv_cxx_compile_cxx11=no
ax_cv_cxx_compile_cxx11__std_cpp11=yes

## ----------------- ##
## Output variables. ##
## ----------------- ##

ACLOCAL='${SHELL} /Users/solar/tree/tbts/expert/qt/doSearch/src/libs/breakpad/src/autotools/missing aclocal-1.15'
AMDEPBACKSLASH='\'
AMDEP_FALSE='#'
AMDEP_TRUE=''
AMTAR='$${TAR-tar}'
AM_BACKSLASH='\'
AM_DEFAULT_V='$(AM_DEFAULT_VERBOSITY)'
AM_DEFAULT_VERBOSITY='1'
AM_V='$(V)'
ANDROID_HOST_FALSE=''
ANDROID_HOST_TRUE='#'
AR='ar'
AUTOCONF='${SHELL} /Users/solar/tree/tbts/expert/qt/doSearch/src/libs/breakpad/src/autotools/missing autoconf'
AUTOHEADER='${SHELL} /Users/solar/tree/tbts/expert/qt/doSearch/src/libs/breakpad/src/autotools/missing autoheader'
AUTOMAKE='${SHELL} /Users/solar/tree/tbts/expert/qt/doSearch/src/libs/breakpad/src/autotools/missing automake-1.15'
AWK='awk'
CC='gcc'
CCAS='gcc'
CCASDEPMODE='depmode=gcc3'
CCASFLAGS='-g -O2'
CCDEPMODE='depmode=gcc3'
CFLAGS='-g -O2'
CPP='gcc -E'
CPPFLAGS=''
CXX='g++'
CXXDEPMODE='depmode=gcc3'
CXXFLAGS='-g -O2 -std=c++11'
CYGPATH_W='echo'
DEFS='-DHAVE_CONFIG_H'
DEPDIR='.deps'
DISABLE_PROCESSOR_FALSE=''
DISABLE_PROCESSOR_TRUE='#'
DISABLE_TOOLS_FALSE=''
DISABLE_TOOLS_TRUE='#'
ECHO_C='\c'
ECHO_N=''
ECHO_T=''
EGREP='/usr/bin/grep -E'
EXEEXT=''
GMOCK_CFLAGS=''
GMOCK_CONFIG=''
GMOCK_LIBS=''
GREP='/usr/bin/grep'
GTEST_CFLAGS=''
GTEST_CONFIG=''
GTEST_LIBS=''
HAVE_CXX11=''
INSTALL_DATA='${INSTALL} -m 644'
INSTALL_PROGRAM='${INSTALL}'
INSTALL_SCRIPT='${INSTALL}'
INSTALL_STRIP_PROGRAM='$(install_sh) -c -s'
LDFLAGS=''
LIBOBJS=''
LIBS=''
LINUX_HOST_FALSE=''
LINUX_HOST_TRUE='#'
LTLIBOBJS=''
MAINT='#'
MAINTAINER_MODE_FALSE=''
MAINTAINER_MODE_TRUE='#'
MAKEINFO='${SHELL} /Users/solar/tree/tbts/expert/qt/doSearch/src/libs/breakpad/src/autotools/missing makeinfo'
MKDIR_P='autotools/install-sh -c -d'
OBJEXT='o'
PACKAGE='breakpad'
PACKAGE_BUGREPORT='google-breakpad-dev@googlegroups.com'
PACKAGE_NAME='breakpad'
PACKAGE_STRING='breakpad 0.1'
PACKAGE_TARNAME='breakpad'
PACKAGE_URL=''
PACKAGE_VERSION='0.1'
PATH_SEPARATOR=':'
PTHREAD_CC='gcc'
PTHREAD_CFLAGS='-D_THREAD_SAFE '
PTHREAD_LIBS=''
RANLIB='ranlib'
RUST_DEMANGLE_CFLAGS=''
RUST_DEMANGLE_LIBS=''
SELFTEST_FALSE=''
SELFTEST_TRUE='#'
SET_MAKE=''
SHELL='/bin/sh'
STRIP=''
SYSTEM_TEST_LIBS_FALSE=''
SYSTEM_TEST_LIBS_TRUE='#'
VERSION='0.1'
WARN_CXXFLAGS=' -Wmissing-braces -Wnon-virtual-dtor -Woverloaded-virtual -Wreorder -Wsign-compare -Wunused-variable -Wvla -Werror'
X86_HOST_FALSE='#'
X86_HOST_TRUE=''
ac_ct_AR='ar'
ac_ct_CC='gcc'
ac_ct_CXX='g++'
am__EXEEXT_FALSE=''
am__EXEEXT_TRUE='#'
am__fastdepCCAS_FALSE='#'
am__fastdepCCAS_TRUE=''
am__fastdepCC_FALSE='#'
am__fastdepCC_TRUE=''
am__fastdepCXX_FALSE='#'
am__fastdepCXX_TRUE=''
am__include='include'
am__isrc=''
am__leading_dot='.'
am__nodep='_no'
am__quote=''
am__tar='tar --format=ustar -chf - "$$tardir"'
am__untar='tar -xf -'
ax_pthread_config=''
bindir='${exec_prefix}/bin'
build='x86_64-apple-darwin16.4.0'
build_alias=''
build_cpu='x86_64'
build_os='darwin16.4.0'
build_vendor='apple'
datadir='${datarootdir}'
datarootdir='${prefix}/share'
docdir='${datarootdir}/doc/${PACKAGE_TARNAME}'
dvidir='${docdir}'
exec_prefix='${prefix}'
host='x86_64-apple-darwin16.4.0'
host_alias=''
host_cpu='x86_64'
host_os='darwin16.4.0'
host_vendor='apple'
htmldir='${docdir}'
includedir='${prefix}/include'
infodir='${datarootdir}/info'
install_sh='${SHELL} /Users/solar/tree/tbts/expert/qt/doSearch/src/libs/breakpad/src/autotools/install-sh'
libdir='${exec_prefix}/lib'
libexecdir='${exec_prefix}/libexec'
localedir='${datarootdir}/locale'
localstatedir='${prefix}/var'
mandir='${datarootdir}/man'
mkdir_p='$(MKDIR_P)'
oldincludedir='/usr/include'
pdfdir='${docdir}'
prefix='/usr/local'
program_transform_name='s,x,x,'
psdir='${docdir}'
sbindir='${exec_prefix}/sbin'
sharedstatedir='${prefix}/com'
sysconfdir='${prefix}/etc'
target_alias=''

## ----------- ##
## confdefs.h. ##
## ----------- ##

/* confdefs.h */
#define PACKAGE_NAME "breakpad"
#define PACKAGE_TARNAME "breakpad"
#define PACKAGE_VERSION "0.1"
#define PACKAGE_STRING "breakpad 0.1"
#define PACKAGE_BUGREPORT "google-breakpad-dev@googlegroups.com"
#define PACKAGE_URL ""
#define PACKAGE "breakpad"
#define VERSION "0.1"
#define STDC_HEADERS 1
#define HAVE_PTHREAD 1
#define HAVE_SYS_TYPES_H 1
#define HAVE_SYS_STAT_H 1
#define HAVE_STDLIB_H 1
#define HAVE_STRING_H 1
#define HAVE_MEMORY_H 1
#define HAVE_STRINGS_H 1
#define HAVE_INTTYPES_H 1
#define HAVE_STDINT_H 1
#define HAVE_UNISTD_H 1

configure: exit 1
